2026-04-05 16:43:26,624 - INFO - Data Processing initalized...
2026-04-05 16:43:26,845 - ERROR - Error while loading data [Errno 2] No such file or directory: 'artifacts/raw/data.csv'
2026-04-05 17:16:32,345 - INFO - Data Processing initalized...
2026-04-05 17:16:32,427 - ERROR - Error while loading data [Errno 2] No such file or directory: 'artifacts/raw/data.csv'
2026-04-05 17:21:42,352 - INFO - Data Processing initalized...
2026-04-05 17:21:42,387 - ERROR - Error while loading data [Errno 2] No such file or directory: 'artifacts/raw/data.csv'
2026-04-05 17:27:07,271 - INFO - Data Processing initalized...
2026-04-05 17:27:07,537 - INFO - Data loaded sucesfully...
2026-04-05 17:27:07,643 - INFO - All basic data preprocessing done..
2026-04-05 17:27:07,745 - INFO - All things saved sucesfully for Data processing..
2026-04-05 17:27:15,143 - INFO - Data Processing initalized...
2026-04-05 17:27:15,308 - INFO - Data loaded sucesfully...
2026-04-05 17:27:15,373 - INFO - All basic data preprocessing done..
2026-04-05 17:27:15,465 - INFO - All things saved sucesfully for Data processing..
2026-04-05 17:28:09,266 - INFO - Model Training initialized...
2026-04-05 17:28:09,343 - INFO - Data loaded sucesfuly...
2026-04-05 17:28:09,674 - INFO - Model trained and saved sucesfuly...
2026-04-05 17:28:09,685 - INFO - Accuracy : 0.91655
2026-04-05 17:28:09,686 - INFO - Precision Score : 0.914972438439482
2026-04-05 17:28:09,686 - INFO - Recall Score : 0.91655
2026-04-05 17:28:09,686 - INFO - F1 Score : 0.9156103493286444
2026-04-05 17:28:09,686 - INFO - Model Evaluation Done..
